<?xml version="1.0" encoding="UTF-8"?>
<!-- Generated by org.testng.reporters.JUnitReportReporter -->
<testsuite hostname="Asen-PC" name="com.auto.cases.datamanagement.Datamanagement_Videosurveillance_test" tests="14" failures="0" timestamp="4 Feb 2016 06:42:28 GMT" time="41.457" errors="0">
  <testcase name="add" time="3.240" classname="com.auto.cases.datamanagement.Datamanagement_Videosurveillance_test"/>
  <testcase name="add" time="3.578" classname="com.auto.cases.datamanagement.Datamanagement_Videosurveillance_test"/>
  <testcase name="add" time="9.544" classname="com.auto.cases.datamanagement.Datamanagement_Videosurveillance_test"/>
  <testcase name="delete" time="1.670" classname="com.auto.cases.datamanagement.Datamanagement_Videosurveillance_test"/>
  <testcase name="delete" time="1.403" classname="com.auto.cases.datamanagement.Datamanagement_Videosurveillance_test"/>
  <testcase name="add" time="3.254" classname="com.auto.cases.datamanagement.Datamanagement_Videosurveillance_test"/>
  <testcase name="add" time="3.453" classname="com.auto.cases.datamanagement.Datamanagement_Videosurveillance_test"/>
  <testcase name="add" time="3.391" classname="com.auto.cases.datamanagement.Datamanagement_Videosurveillance_test"/>
  <testcase name="add" time="1.976" classname="com.auto.cases.datamanagement.Datamanagement_Videosurveillance_test"/>
  <testcase name="query" time="1.509" classname="com.auto.cases.datamanagement.Datamanagement_Videosurveillance_test"/>
  <testcase name="add" time="3.358" classname="com.auto.cases.datamanagement.Datamanagement_Videosurveillance_test"/>
  <testcase name="query" time="1.630" classname="com.auto.cases.datamanagement.Datamanagement_Videosurveillance_test"/>
  <testcase name="add" time="1.834" classname="com.auto.cases.datamanagement.Datamanagement_Videosurveillance_test"/>
  <testcase name="query" time="1.617" classname="com.auto.cases.datamanagement.Datamanagement_Videosurveillance_test"/>
</testsuite> <!-- com.auto.cases.datamanagement.Datamanagement_Videosurveillance_test -->
