<?xml version="1.0" encoding="UTF-8"?>
<!-- Generated by org.testng.reporters.JUnitReportReporter -->
<testsuite hostname="Asen-PC" name="com.auto.cases.configmanagement.Configmanagement_Systemcode_test" tests="11" failures="0" timestamp="4 Feb 2016 06:42:28 GMT" time="33.002" errors="0">
  <testcase name="add" time="3.316" classname="com.auto.cases.configmanagement.Configmanagement_Systemcode_test"/>
  <testcase name="add" time="3.514" classname="com.auto.cases.configmanagement.Configmanagement_Systemcode_test"/>
  <testcase name="delete" time="1.488" classname="com.auto.cases.configmanagement.Configmanagement_Systemcode_test"/>
  <testcase name="add" time="2.259" classname="com.auto.cases.configmanagement.Configmanagement_Systemcode_test"/>
  <testcase name="delete" time="1.524" classname="com.auto.cases.configmanagement.Configmanagement_Systemcode_test"/>
  <testcase name="add" time="3.291" classname="com.auto.cases.configmanagement.Configmanagement_Systemcode_test"/>
  <testcase name="add" time="9.039" classname="com.auto.cases.configmanagement.Configmanagement_Systemcode_test"/>
  <testcase name="add" time="3.571" classname="com.auto.cases.configmanagement.Configmanagement_Systemcode_test"/>
  <testcase name="query" time="1.545" classname="com.auto.cases.configmanagement.Configmanagement_Systemcode_test"/>
  <testcase name="query" time="1.726" classname="com.auto.cases.configmanagement.Configmanagement_Systemcode_test"/>
  <testcase name="query" time="1.729" classname="com.auto.cases.configmanagement.Configmanagement_Systemcode_test"/>
</testsuite> <!-- com.auto.cases.configmanagement.Configmanagement_Systemcode_test -->
