<?xml version="1.0" encoding="UTF-8"?>
<!-- Generated by org.testng.reporters.JUnitReportReporter -->
<testsuite hostname="Asen-PC" name="com.auto.base.Datamanagement_Videosurveillance_test" tests="14" failures="0" timestamp="15 Jan 2016 07:02:21 GMT" time="0.018" errors="0">
  <testcase name="add" time="0.001" classname="com.auto.base.Datamanagement_Videosurveillance_test"/>
  <testcase name="add" time="0.001" classname="com.auto.base.Datamanagement_Videosurveillance_test"/>
  <testcase name="query" time="0.001" classname="com.auto.base.Datamanagement_Videosurveillance_test"/>
  <testcase name="add" time="0.001" classname="com.auto.base.Datamanagement_Videosurveillance_test"/>
  <testcase name="add" time="0.000" classname="com.auto.base.Datamanagement_Videosurveillance_test"/>
  <testcase name="query" time="0.000" classname="com.auto.base.Datamanagement_Videosurveillance_test"/>
  <testcase name="add" time="0.007" classname="com.auto.base.Datamanagement_Videosurveillance_test"/>
  <testcase name="add" time="0.001" classname="com.auto.base.Datamanagement_Videosurveillance_test"/>
  <testcase name="add" time="0.001" classname="com.auto.base.Datamanagement_Videosurveillance_test"/>
  <testcase name="add" time="0.001" classname="com.auto.base.Datamanagement_Videosurveillance_test"/>
  <testcase name="delete" time="0.001" classname="com.auto.base.Datamanagement_Videosurveillance_test"/>
  <testcase name="query" time="0.001" classname="com.auto.base.Datamanagement_Videosurveillance_test"/>
  <testcase name="delete" time="0.001" classname="com.auto.base.Datamanagement_Videosurveillance_test"/>
  <testcase name="add" time="0.001" classname="com.auto.base.Datamanagement_Videosurveillance_test"/>
</testsuite> <!-- com.auto.base.Datamanagement_Videosurveillance_test -->
