<?xml version="1.0" encoding="UTF-8"?>
<!-- Generated by org.testng.reporters.JUnitReportReporter -->
<testsuite hostname="John-PC" name="com.page.NewTest1" tests="1" failures="0" timestamp="28 Dec 2015 09:28:48 GMT" time="40.887" errors="0">
  <testcase name="f" time="40.887" classname="com.page.NewTest1"/>
</testsuite> <!-- com.page.NewTest1 -->
