<?xml version="1.0" encoding="UTF-8"?>
<!-- Generated by org.testng.reporters.JUnitReportReporter -->
<testsuite hostname="Asen-PC" name="com.auto.base.NewTest" tests="1" failures="0" timestamp="1 Feb 2016 03:04:24 GMT" time="0.024" errors="0">
  <testcase name="f" time="0.024" classname="com.auto.base.NewTest"/>
</testsuite> <!-- com.auto.base.NewTest -->
