<?xml version="1.0" encoding="UTF-8"?>
<!-- Generated by org.testng.reporters.JUnitReportReporter -->
<testsuite hostname="John-PC" name="com.page.NewTest" tests="1" failures="0" timestamp="29 Dec 2015 03:35:11 GMT" time="70.617" errors="0">
  <testcase name="f" time="70.617" classname="com.page.NewTest"/>
</testsuite> <!-- com.page.NewTest -->
