<?xml version="1.0" encoding="UTF-8"?>
<!-- Generated by org.testng.reporters.JUnitReportReporter -->
<testsuite hostname="Asen-PC" name="com.auto.cases.infodelivery.Informationdelivery_Noticemanager_test" tests="14" failures="0" timestamp="4 Feb 2016 06:42:28 GMT" time="47.608" errors="0">
  <testcase name="add" time="2.854" classname="com.auto.cases.infodelivery.Informationdelivery_Noticemanager_test"/>
  <testcase name="add" time="2.820" classname="com.auto.cases.infodelivery.Informationdelivery_Noticemanager_test"/>
  <testcase name="add" time="2.861" classname="com.auto.cases.infodelivery.Informationdelivery_Noticemanager_test"/>
  <testcase name="add" time="10.395" classname="com.auto.cases.infodelivery.Informationdelivery_Noticemanager_test"/>
  <testcase name="query" time="2.156" classname="com.auto.cases.infodelivery.Informationdelivery_Noticemanager_test"/>
  <testcase name="query" time="2.307" classname="com.auto.cases.infodelivery.Informationdelivery_Noticemanager_test"/>
  <testcase name="add" time="4.351" classname="com.auto.cases.infodelivery.Informationdelivery_Noticemanager_test"/>
  <testcase name="delete" time="0.458" classname="com.auto.cases.infodelivery.Informationdelivery_Noticemanager_test"/>
  <testcase name="add" time="4.463" classname="com.auto.cases.infodelivery.Informationdelivery_Noticemanager_test"/>
  <testcase name="query" time="2.553" classname="com.auto.cases.infodelivery.Informationdelivery_Noticemanager_test"/>
  <testcase name="add" time="2.889" classname="com.auto.cases.infodelivery.Informationdelivery_Noticemanager_test"/>
  <testcase name="delete" time="0.479" classname="com.auto.cases.infodelivery.Informationdelivery_Noticemanager_test"/>
  <testcase name="add" time="4.651" classname="com.auto.cases.infodelivery.Informationdelivery_Noticemanager_test"/>
  <testcase name="add" time="4.371" classname="com.auto.cases.infodelivery.Informationdelivery_Noticemanager_test"/>
</testsuite> <!-- com.auto.cases.infodelivery.Informationdelivery_Noticemanager_test -->
