<?xml version="1.0" encoding="UTF-8"?>
<!-- Generated by org.testng.reporters.JUnitReportReporter -->
<testsuite hostname="Asen-PC" name="com.auto.base.Configmanagement_Systemcode_test" tests="13" failures="0" timestamp="15 Jan 2016 07:04:26 GMT" time="0.015" errors="0">
  <testcase name="add" time="0.001" classname="com.auto.base.Configmanagement_Systemcode_test"/>
  <testcase name="query" time="0.000" classname="com.auto.base.Configmanagement_Systemcode_test"/>
  <testcase name="add" time="0.000" classname="com.auto.base.Configmanagement_Systemcode_test"/>
  <testcase name="query" time="0.001" classname="com.auto.base.Configmanagement_Systemcode_test"/>
  <testcase name="add" time="0.001" classname="com.auto.base.Configmanagement_Systemcode_test"/>
  <testcase name="delete" time="0.001" classname="com.auto.base.Configmanagement_Systemcode_test"/>
  <testcase name="add" time="0.005" classname="com.auto.base.Configmanagement_Systemcode_test"/>
  <testcase name="add" time="0.001" classname="com.auto.base.Configmanagement_Systemcode_test"/>
  <testcase name="add" time="0.001" classname="com.auto.base.Configmanagement_Systemcode_test"/>
  <testcase name="add" time="0.001" classname="com.auto.base.Configmanagement_Systemcode_test"/>
  <testcase name="query" time="0.001" classname="com.auto.base.Configmanagement_Systemcode_test"/>
  <testcase name="delete" time="0.001" classname="com.auto.base.Configmanagement_Systemcode_test"/>
  <testcase name="add" time="0.001" classname="com.auto.base.Configmanagement_Systemcode_test"/>
</testsuite> <!-- com.auto.base.Configmanagement_Systemcode_test -->
