<?xml version="1.0" encoding="UTF-8"?>
<!-- Generated by org.testng.reporters.JUnitReportReporter -->
<testsuite hostname="Asen-PC" name="com.auto.cases.configmanagement.Configmanagement_Industrycode_test" tests="11" failures="0" timestamp="4 Feb 2016 06:42:28 GMT" time="34.083" errors="0">
  <testcase name="query" time="1.658" classname="com.auto.cases.configmanagement.Configmanagement_Industrycode_test"/>
  <testcase name="delete" time="1.475" classname="com.auto.cases.configmanagement.Configmanagement_Industrycode_test"/>
  <testcase name="query" time="1.451" classname="com.auto.cases.configmanagement.Configmanagement_Industrycode_test"/>
  <testcase name="add" time="3.311" classname="com.auto.cases.configmanagement.Configmanagement_Industrycode_test"/>
  <testcase name="delete" time="1.569" classname="com.auto.cases.configmanagement.Configmanagement_Industrycode_test"/>
  <testcase name="add" time="3.482" classname="com.auto.cases.configmanagement.Configmanagement_Industrycode_test"/>
  <testcase name="query" time="1.450" classname="com.auto.cases.configmanagement.Configmanagement_Industrycode_test"/>
  <testcase name="add" time="2.195" classname="com.auto.cases.configmanagement.Configmanagement_Industrycode_test"/>
  <testcase name="add" time="10.639" classname="com.auto.cases.configmanagement.Configmanagement_Industrycode_test"/>
  <testcase name="add" time="3.380" classname="com.auto.cases.configmanagement.Configmanagement_Industrycode_test"/>
  <testcase name="add" time="3.473" classname="com.auto.cases.configmanagement.Configmanagement_Industrycode_test"/>
</testsuite> <!-- com.auto.cases.configmanagement.Configmanagement_Industrycode_test -->
